#
# There is insufficient memory for the Java Runtime Environment to continue.
# Native memory allocation (mmap) failed to map 123731968 bytes. Error detail: G1 virtual space
# Possible reasons:
#   The system is out of physical RAM or swap space
#   This process is running with CompressedOops enabled, and the Java Heap may be blocking the growth of the native heap
# Possible solutions:
#   Reduce memory load on the system
#   Increase physical memory or swap space
#   Check if swap backing store is full
#   Decrease Java heap size (-Xmx/-Xms)
#   Decrease number of Java threads
#   Decrease Java thread stack sizes (-Xss)
#   Set larger code cache with -XX:ReservedCodeCacheSize=
#   JVM is running with Unscaled Compressed Oops mode in which the Java heap is
#     placed in the first 4GB address space. The Java Heap base address is the
#     maximum limit for the native heap growth. Please use -XX:HeapBaseMinAddress
#     to set the Java Heap base and to place the Java Heap above 4GB virtual address.
# This output file may be truncated or incomplete.
#
#  Out of Memory Error (os_windows.cpp:3564), pid=3760, tid=4444
#
# JRE version:  (24.0.2+12) (build )
# Java VM: Java HotSpot(TM) 64-Bit Server VM (24.0.2+12-54, mixed mode, sharing, tiered, compressed oops, compressed class ptrs, g1 gc, windows-amd64)
# No core dump will be written. Minidumps are not enabled by default on client versions of Windows
#

---------------  S U M M A R Y ------------

Command Line: -javaagent:C:\Program Files\JetBrains\IntelliJ IDEA 2025.2.2\lib\idea_rt.jar=60800 -Dfile.encoding=UTF-8 -Dsun.stdout.encoding=UTF-8 -Dsun.stderr.encoding=UTF-8 ProductMenu

Host: AMD Ryzen 3 5300U with Radeon Graphics         , 4 cores, 7G,  Windows 11 , 64 bit Build 26100 (10.0.26100.5074)
Time: Thu Oct  9 03:09:32 2025 SE Asia Standard Time elapsed time: 0.256983 seconds (0d 0h 0m 0s)

---------------  T H R E A D  ---------------

Current thread (0x000001a45f8f7c30):  JavaThread "Unknown thread" [_thread_in_vm, id=4444, stack(0x0000002788300000,0x0000002788400000) (1024K)]

Stack: [0x0000002788300000,0x0000002788400000]
Native frames: (J=compiled Java code, j=interpreted, Vv=VM code, C=native code)
V  [jvm.dll+0x730829]  (no source info available)
V  [jvm.dll+0x8d9da3]  (no source info available)
V  [jvm.dll+0x8dc28d]  (no source info available)
V  [jvm.dll+0x8dc903]  (no source info available)
V  [jvm.dll+0x2a9f56]  (no source info available)
V  [jvm.dll+0x72cd55]  (no source info available)
V  [jvm.dll+0x72066a]  (no source info available)
V  [jvm.dll+0x390b7a]  (no source info available)
V  [jvm.dll+0x398906]  (no source info available)
V  [jvm.dll+0x3850de]  (no source info available)
V  [jvm.dll+0x385398]  (no source info available)
V  [jvm.dll+0x35d10c]  (no source info available)
V  [jvm.dll+0x35ddcd]  (no source info available)
V  [jvm.dll+0x89d50f]  (no source info available)
V  [jvm.dll+0x3f979d]  (no source info available)
V  [jvm.dll+0x885b66]  (no source info available)
V  [jvm.dll+0x495e7e]  (no source info available)
V  [jvm.dll+0x497c51]  (no source info available)
C  [jli.dll+0x52a1]  (no source info available)
C  [ucrtbase.dll+0x37b0]  (no source info available)
C  [KERNEL32.DLL+0x2e8d7]  (no source info available)
C  [ntdll.dll+0x8d9c]  (no source info available)

Lock stack of current Java thread (top to bottom):


---------------  P R O C E S S  ---------------

Threads class SMR info:
_java_thread_list=0x00007ffd79a8f318, length=0, elements={
}

Java Threads: ( => current thread )
Total: 0

Other Threads:
  0x000001a461d7d3d0 WorkerThread "GC Thread#0"                     [id=11072, stack(0x0000002788400000,0x0000002788500000) (1024K)]
  0x000001a461d909e0 ConcurrentGCThread "G1 Main Marker"            [id=1884, stack(0x0000002788500000,0x0000002788600000) (1024K)]
  0x000001a461d92ae0 WorkerThread "G1 Conc#0"                       [id=13324, stack(0x0000002788600000,0x0000002788700000) (1024K)]

[error occurred during error reporting (printing all threads), id 0xc0000005, EXCEPTION_ACCESS_VIOLATION (0xc0000005) at pc=0x00007ffd791c138a]
VM state: not at safepoint (not fully initialized)

VM Mutex/Monitor currently owned by a thread:  ([mutex/lock_event])
[0x00007ffd79b145f0] Heap_lock - owner thread: 0x000001a45f8f7c30

Heap address: 0x000000008ac00000, size: 1876 MB, Compressed Oops mode: 32-bit

CDS archive(s) mapped at: [0x0000000000000000-0x0000000000000000-0x0000000000000000), size 0, SharedBaseAddress: 0x0000000800000000, ArchiveRelocationMode: 1.
UseCompressedClassPointers 1, UseCompactObjectHeaders 0
Narrow klass pointer bits 32, Max shift 3
Narrow klass base: 0xffffffffffffffff, Narrow klass shift: -1
Encoding Range: [0xffffffffffffffff - 0x000000007fffffff), (2147483648 bytes)
Klass Range:    [0x0000000000000000 - 0x0000000000000000), (0 bytes)
Klass ID Range:  [4294967295 - 0) (1)

GC Precious Log:
 CardTable entry size: 512
 Card Set container configuration: InlinePtr #cards 5 size 8 Array Of Cards #cards 10 size 36 Howl #buckets 4 coarsen threshold 1843 Howl Bitmap #cards 512 size 80 coarsen threshold 460 Card regions per heap region 1 cards per card region 2048

Heap:
 garbage-first heap   total reserved 1921024K, committed 0K, used 0K [0x000000008ac00000, 0x0000000100000000)
  region size 1024K, 0 young (0K), 0 survivors (0K)

[error occurred during error reporting (printing heap information), id 0xc0000005, EXCEPTION_ACCESS_VIOLATION (0xc0000005) at pc=0x00007ffd795de679]
GC Heap History (0 events):
No events

Dll operation events (1 events):
Event: 0.030 Loaded shared library C:\Program Files\Java\jdk-24\bin\java.dll

Deoptimization events (0 events):
No events

Classes loaded (0 events):
No events

Classes unloaded (0 events):
No events

Classes redefined (0 events):
No events

Internal exceptions (0 events):
No events

VM Operations (0 events):
No events

Memory protections (0 events):
No events

Nmethod flushes (0 events):
No events

Events (0 events):
No events


Dynamic libraries:
0x00007ff643600000 - 0x00007ff643610000 	C:\Program Files\Java\jdk-24\bin\java.exe
0x00007ffddd460000 - 0x00007ffddd6c9000 	C:\WINDOWS\SYSTEM32\ntdll.dll
0x00007ffddcf20000 - 0x00007ffddcfe9000 	C:\WINDOWS\System32\KERNEL32.DLL
0x00007ffdda720000 - 0x00007ffddab13000 	C:\WINDOWS\System32\KERNELBASE.dll
0x00007ffddab20000 - 0x00007ffddac6b000 	C:\WINDOWS\System32\ucrtbase.dll
0x00007ffdd0890000 - 0x00007ffdd08ab000 	C:\Program Files\Java\jdk-24\bin\VCRUNTIME140.dll
0x00007ffdd7670000 - 0x00007ffdd7686000 	C:\Program Files\Java\jdk-24\bin\jli.dll
0x00007ffddcd50000 - 0x00007ffddcf14000 	C:\WINDOWS\System32\USER32.dll
0x00007ffddb200000 - 0x00007ffddb227000 	C:\WINDOWS\System32\win32u.dll
0x00007ffddccd0000 - 0x00007ffddccfb000 	C:\WINDOWS\System32\GDI32.dll
0x00007ffdc5670000 - 0x00007ffdc5903000 	C:\WINDOWS\WinSxS\amd64_microsoft.windows.common-controls_6595b64144ccf1df_6.0.26100.5074_none_3e0d6f78e32fd63f\COMCTL32.dll
0x00007ffdda5f0000 - 0x00007ffdda71d000 	C:\WINDOWS\System32\gdi32full.dll
0x00007ffddc510000 - 0x00007ffddc5b9000 	C:\WINDOWS\System32\msvcrt.dll
0x00007ffddb0b0000 - 0x00007ffddb153000 	C:\WINDOWS\System32\msvcp_win.dll
0x00007ffddc640000 - 0x00007ffddc66f000 	C:\WINDOWS\System32\IMM32.DLL
0x00007ffdd7660000 - 0x00007ffdd766c000 	C:\Program Files\Java\jdk-24\bin\vcruntime140_1.dll
0x00007ffdb8940000 - 0x00007ffdb89ce000 	C:\Program Files\Java\jdk-24\bin\msvcp140.dll
0x00007ffd78e50000 - 0x00007ffd79bf1000 	C:\Program Files\Java\jdk-24\bin\server\jvm.dll
0x00007ffddb9f0000 - 0x00007ffddbaa4000 	C:\WINDOWS\System32\ADVAPI32.dll
0x00007ffddb2c0000 - 0x00007ffddb366000 	C:\WINDOWS\System32\sechost.dll
0x00007ffddbca0000 - 0x00007ffddbdb8000 	C:\WINDOWS\System32\RPCRT4.dll
0x00007ffddd390000 - 0x00007ffddd404000 	C:\WINDOWS\System32\WS2_32.dll
0x00007ffdda2c0000 - 0x00007ffdda31e000 	C:\WINDOWS\SYSTEM32\POWRPROF.dll
0x00007ffdd4910000 - 0x00007ffdd491b000 	C:\WINDOWS\SYSTEM32\VERSION.dll
0x00007ffdd48d0000 - 0x00007ffdd4905000 	C:\WINDOWS\SYSTEM32\WINMM.dll
0x00007ffdda2a0000 - 0x00007ffdda2b4000 	C:\WINDOWS\SYSTEM32\UMPDC.dll
0x00007ffdd93d0000 - 0x00007ffdd93eb000 	C:\WINDOWS\SYSTEM32\kernel.appcore.dll
0x00007ffdd0880000 - 0x00007ffdd088a000 	C:\Program Files\Java\jdk-24\bin\jimage.dll
0x00007ffdce350000 - 0x00007ffdce592000 	C:\WINDOWS\SYSTEM32\DBGHELP.DLL
0x00007ffddb470000 - 0x00007ffddb7eb000 	C:\WINDOWS\System32\combase.dll
0x00007ffddc760000 - 0x00007ffddc837000 	C:\WINDOWS\System32\OLEAUT32.dll
0x00007ffdbdd50000 - 0x00007ffdbdd8d000 	C:\WINDOWS\SYSTEM32\dbgcore.DLL
0x00007ffddb160000 - 0x00007ffddb1f9000 	C:\WINDOWS\System32\bcryptPrimitives.dll
0x00007ffdd0870000 - 0x00007ffdd087f000 	C:\Program Files\Java\jdk-24\bin\instrument.dll
0x00007ffdcdd70000 - 0x00007ffdcdd8e000 	C:\Program Files\Java\jdk-24\bin\java.dll
0x00007ffddb850000 - 0x00007ffddb9e8000 	C:\WINDOWS\System32\ole32.dll
0x00007ffddbdc0000 - 0x00007ffddc50d000 	C:\WINDOWS\System32\SHELL32.dll
0x00007ffddad00000 - 0x00007ffddae6c000 	C:\WINDOWS\System32\wintypes.dll

JVMTI agents:
C:\Program Files\JetBrains\IntelliJ IDEA 2025.2.2\lib\idea_rt.jar path:none, loaded, not initialized, instrumentlib options:60800

dbghelp: loaded successfully - version: 4.0.5 - missing functions: none
symbol engine: initialized successfully - sym options: 0x614 - pdb path: .;C:\Program Files\Java\jdk-24\bin;C:\WINDOWS\SYSTEM32;C:\WINDOWS\WinSxS\amd64_microsoft.windows.common-controls_6595b64144ccf1df_6.0.26100.5074_none_3e0d6f78e32fd63f;C:\Program Files\Java\jdk-24\bin\server

VM Arguments:
jvm_args: -javaagent:C:\Program Files\JetBrains\IntelliJ IDEA 2025.2.2\lib\idea_rt.jar=60800 -Dfile.encoding=UTF-8 -Dsun.stdout.encoding=UTF-8 -Dsun.stderr.encoding=UTF-8 
java_command: ProductMenu
java_class_path (initial): C:\Users\Desa Pangauban\Downloads\ProductData\out\production\ProductData
Launcher Type: SUN_STANDARD

[Global flags]
     intx CICompilerCount                          = 3                                         {product} {ergonomic}
     uint ConcGCThreads                            = 1                                         {product} {ergonomic}
     uint G1ConcRefinementThreads                  = 4                                         {product} {ergonomic}
   size_t G1HeapRegionSize                         = 1048576                                   {product} {ergonomic}
   size_t InitialHeapSize                          = 123731968                                 {product} {ergonomic}
   size_t MarkStackSize                            = 4194304                                   {product} {ergonomic}
   size_t MarkStackSizeMax                         = 536870912                                 {product} {ergonomic}
   size_t MaxHeapSize                              = 1967128576                                {product} {ergonomic}
   size_t MinHeapDeltaBytes                        = 1048576                                   {product} {ergonomic}
   size_t MinHeapSize                              = 8388608                                   {product} {ergonomic}
    uintx NonNMethodCodeHeapSize                   = 5832704                                {pd product} {ergonomic}
    uintx NonProfiledCodeHeapSize                  = 122945536                              {pd product} {ergonomic}
    uintx ProfiledCodeHeapSize                     = 122880000                              {pd product} {ergonomic}
    uintx ReservedCodeCacheSize                    = 251658240                              {pd product} {ergonomic}
     bool SegmentedCodeCache                       = true                                      {product} {ergonomic}
   size_t SoftMaxHeapSize                          = 1967128576                             {manageable} {ergonomic}
     bool UseCompressedOops                        = true                           {product lp64_product} {ergonomic}
     bool UseG1GC                                  = true                                      {product} {ergonomic}
     bool UseLargePagesIndividualAllocation        = false                                  {pd product} {ergonomic}

Logging:
Log output configuration:
 #0: stdout all=warning uptime,level,tags foldmultilines=false
 #1: stderr all=off uptime,level,tags foldmultilines=false

Environment Variables:
PATH=C:\Program Files\Common Files\Oracle\Java\javapath;C:\WINDOWS\system32;C:\WINDOWS;C:\WINDOWS\System32\Wbem;C:\WINDOWS\System32\WindowsPowerShell\v1.0\;C:\WINDOWS\System32\OpenSSH\;C:\mingw64\bin;C:\Program Files\mosquitto;C:\Users\Desa Pangauban\Downloads\xampp\mysql\bin;C:\Users\Desa Pangauban\Downloads\xampp\php;C:\ProgramData\ComposerSetup\bin;C:\Program Files\nodejs\;C:\Program Files\Git\cmd;C:\Users\Desa Pangauban\AppData\Local\Programs\Python\Python313\Scripts\;C:\Users\Desa Pangauban\AppData\Local\Programs\Python\Python313\;C:\Users\Desa Pangauban\AppData\Local\Programs\Python\Launcher\;C:\Users\Desa Pangauban\AppData\Local\Microsoft\WindowsApps;C:\Users\Desa Pangauban\AppData\Local\Programs\Microsoft VS Code\bin;C:\Users\Desa Pangauban\Downloads\xampp\mysql\bin;C:\Users\Desa Pangauban\Downloads\xampp\php;C:\Users\Desa Pangauban\Documents\SEMESTER 2\XAMP\php;C:\Users\Desa Pangauban\Documents\SEMESTER 2\XAMP\mysql\bin;C:\xampp\php;C:\Users\Desa Pangauban\AppData\Roaming\Composer\vendor\bin;C:\Users\Desa Pangauban\AppData\Roaming\npm;C:\Program Files\JetBrains\IntelliJ IDEA 2025.2.2\bin
USERNAME=Desa Pangauban
OS=Windows_NT
PROCESSOR_IDENTIFIER=AMD64 Family 23 Model 104 Stepping 1, AuthenticAMD
TMP=C:\Users\DESAPA~1\AppData\Local\Temp
TEMP=C:\Users\DESAPA~1\AppData\Local\Temp




Periodic native trim disabled

---------------  S Y S T E M  ---------------

OS:
 Windows 11 , 64 bit Build 26100 (10.0.26100.5074)
OS uptime: 0 days 3:29 hours
Hyper-V role detected

CPU: total 4 (initial active 4) (8 cores per cpu, 2 threads per core) family 23 model 104 stepping 1 microcode 0x8608104, cx8, cmov, fxsr, ht, mmx, 3dnowpref, sse, sse2, sse3, ssse3, sse4a, sse4.1, sse4.2, popcnt, lzcnt, tsc, tscinvbit, avx, avx2, aes, clmul, bmi1, bmi2, adx, sha, fma, vzeroupper, clflush, clflushopt, hv, rdtscp, rdpid, f16c
Processor Information for the first 4 processors :
  Max Mhz: 2600, Current Mhz: 1896, Mhz Limit: 2600

Memory: 4k page, system-wide physical 7502M (969M free)
TotalPageFile size 9550M (AvailPageFile size 121M)
current process WorkingSet (physical memory assigned to process): 13M, peak: 13M
current process commit charge ("private bytes"): 52M, peak: 170M

vm_info: Java HotSpot(TM) 64-Bit Server VM (24.0.2+12-54) for windows-amd64 JRE (24.0.2+12-54), built on 2025-07-08T12:10:27Z with MS VC++ 17.6 (VS2022)

END.
